<?xml version="1.0" encoding="UTF-8"?>
<!-- Generated by org.testng.reporters.JUnitXMLReporter -->
<testsuite hostname="bhrath-PC" name="Test" tests="6" failures="0" timestamp="30 Jul 2017 07:40:10 GMT" time="44.731" errors="0">
  <testcase name="launch" time="11.948" classname="com.checking.com.demoo.DemoTest"/>
  <testcase name="login" time="10.781" classname="com.checking.com.demoo.DemoTest"/>
  <testcase name="clickadsLink" time="1.897" classname="com.checking.com.demoo.Add_creationTest"/>
  <testcase name="enterData" time="6.43" classname="com.checking.com.demoo.Add_creationTest"/>
  <testcase name="activation_Add" time="7.364" classname="com.checking.com.demoo.Verifying_AddTest"/>
  <testcase name="lunch_UserUrl" time="6.216" classname="com.checking.com.demoo.Verifying_AddTest"/>
</testsuite> <!-- Test -->
