<?xml version="1.0" encoding="UTF-8"?>
<!-- Generated by org.testng.reporters.JUnitXMLReporter -->
<testsuite hostname="bhrath-PC" name="Test" tests="6" failures="0" timestamp="30 Jul 2017 07:49:24 GMT" time="38.698" errors="0">
  <testcase name="launch" time="6.429" classname="com.checking.com.demoo.DemoTest"/>
  <testcase name="login" time="7.062" classname="com.checking.com.demoo.DemoTest"/>
  <testcase name="clickadsLink" time="2.008" classname="com.checking.com.demoo.Add_creationTest"/>
  <testcase name="enterData" time="6.619" classname="com.checking.com.demoo.Add_creationTest"/>
  <testcase name="activation_Add" time="9.139" classname="com.checking.com.demoo.Verifying_AddTest"/>
  <testcase name="lunch_UserUrl" time="7.401" classname="com.checking.com.demoo.Verifying_AddTest"/>
</testsuite> <!-- Test -->
