<?xml version="1.0" encoding="UTF-8"?>
<testng-results skipped="0" failed="0" total="6" passed="6">
  <reporter-output>
  </reporter-output>
  <suite name="Suite" duration-ms="38698" started-at="2017-07-30T07:48:45Z" finished-at="2017-07-30T07:49:24Z">
    <groups>
    </groups>
    <test name="Test" duration-ms="38698" started-at="2017-07-30T07:48:45Z" finished-at="2017-07-30T07:49:24Z">
      <class name="com.checking.com.demoo.Verifying_AddTest">
        <test-method status="PASS" signature="activation_Add()[pri:0, instance:com.checking.com.demoo.Verifying_AddTest@2ef9b8bc]" name="activation_Add" duration-ms="9139" started-at="2017-07-30T13:19:07Z" finished-at="2017-07-30T13:19:17Z">
          <reporter-output>
          </reporter-output>
        </test-method> <!-- activation_Add -->
        <test-method status="PASS" signature="lunch_UserUrl()[pri:0, instance:com.checking.com.demoo.Verifying_AddTest@2ef9b8bc]" name="lunch_UserUrl" duration-ms="7401" started-at="2017-07-30T13:19:17Z" finished-at="2017-07-30T13:19:24Z">
          <reporter-output>
          </reporter-output>
        </test-method> <!-- lunch_UserUrl -->
      </class> <!-- com.checking.com.demoo.Verifying_AddTest -->
      <class name="com.checking.com.demoo.Add_creationTest">
        <test-method status="PASS" signature="clickadsLink()[pri:0, instance:com.checking.com.demoo.Add_creationTest@5315b42e]" name="clickadsLink" duration-ms="2008" started-at="2017-07-30T13:18:59Z" finished-at="2017-07-30T13:19:01Z">
          <reporter-output>
          </reporter-output>
        </test-method> <!-- clickadsLink -->
        <test-method status="PASS" signature="enterData()[pri:0, instance:com.checking.com.demoo.Add_creationTest@5315b42e]" name="enterData" duration-ms="6619" started-at="2017-07-30T13:19:01Z" finished-at="2017-07-30T13:19:07Z">
          <reporter-output>
          </reporter-output>
        </test-method> <!-- enterData -->
      </class> <!-- com.checking.com.demoo.Add_creationTest -->
      <class name="com.checking.com.demoo.DemoTest">
        <test-method status="PASS" signature="launch()[pri:0, instance:com.checking.com.demoo.DemoTest@2c6a3f77]" name="launch" duration-ms="6429" started-at="2017-07-30T13:18:45Z" finished-at="2017-07-30T13:18:52Z">
          <reporter-output>
          </reporter-output>
        </test-method> <!-- launch -->
        <test-method status="PASS" signature="login()[pri:0, instance:com.checking.com.demoo.DemoTest@2c6a3f77]" name="login" duration-ms="7062" started-at="2017-07-30T13:18:52Z" finished-at="2017-07-30T13:18:59Z">
          <reporter-output>
          </reporter-output>
        </test-method> <!-- login -->
      </class> <!-- com.checking.com.demoo.DemoTest -->
    </test> <!-- Test -->
  </suite> <!-- Suite -->
</testng-results>
